<?xml version="1.0" encoding="UTF-8"?>
<!-- Generated by org.testng.reporters.JUnitXMLReporter -->
<testsuite hostname="sr39-PC" name="Test" tests="36" failures="1" timestamp="1 Mar 2019 04:02:42 GMT" time="954.262" errors="0">
  <testcase name="smokeVersa3aUdpMulticastRtpUnicastjob" time="16.686" classname="testCasesSmoke.VersaIpSmokeTest.C1SmokeVersa3aUdpMulticastRtpUnicastjob"/>
  <testcase name="smokeVersa1aUdpMulticastUdpUnicast" time="16.698" classname="testCasesSmoke.VersaIpSmokeTest.A1SmokeVersa1aUdpMulticastUdpUnicast"/>
  <testcase name="smokeVersa3bRtpUnicastRtmpOut" time="18.433" classname="testCasesSmoke.VersaIpSmokeTest.C2SmokeVersa3bRtpUnicastRtmpOut"/>
  <testcase name="smokevrs1bUdpUnicastRtpUnicastjob" time="16.254" classname="testCasesSmoke.VersaIpSmokeTest.A2Smokevrs1bUdpUnicastRtpUnicastjob"/>
  <testcase name="smokeVersa3CRtmpInRtpUnicast" time="16.834" classname="testCasesSmoke.VersaIpSmokeTest.C3SmokeVersa3CRtmpInRtpUnicast"/>
  <testcase name="smokevrs1cRtpUnicastUdpunicastjob" time="16.94" classname="testCasesSmoke.VersaIpSmokeTest.A3Smokevrs1cRtpUnicastUdpunicastjob"/>
  <testcase name="smokeVersa3dRtpunicastMp4out" time="16.212" classname="testCasesSmoke.VersaIpSmokeTest.C4SmokeVersa3dRtpunicastMp4out"/>
  <testcase name="smokevrs1dUdpUincastUdpUnicastjob" time="16.16" classname="testCasesSmoke.VersaIpSmokeTest.A4Smokevrs1dUdpUincastUdpUnicastjob"/>
  <testcase name="smokevrs2aUdpMulticastRtmpoutjob" time="16.8" classname="testCasesSmoke.VersaIpSmokeTest.B1Smokevrs2aUdpMulticastRtmpoutjob"/>
  <testcase name="smokeVersa6AMulticastUdpMp4out" time="17.078" classname="testCasesSmoke.VersaIpSmokeTest.D1SmokeVersa6AMulticastUdpMp4out"/>
  <testcase name="smokevrs2bRTMPInUdpUbnicastjob" time="16.526" classname="testCasesSmoke.VersaIpSmokeTest.B2Smokevrs2bRTMPInUdpUbnicastjob"/>
  <testcase name="smokeVersa6BMp4FileUdpUnicast" time="16.293" classname="testCasesSmoke.VersaIpSmokeTest.D2SmokeVersa6BMp4FileUdpUnicast"/>
  <testcase name="smokevrs2cUdpunicastRTMPjob" time="17.103" classname="testCasesSmoke.VersaIpSmokeTest.B3Smokevrs2cUdpunicastRTMPjob"/>
  <testcase name="smokeVersa6CUdpPassthroughUdpunicast" time="16.7" classname="testCasesSmoke.VersaIpSmokeTest.D3SmokeVersa6CUdpPassthroughUdpunicast"/>
  <testcase name="smokeVrs2dRtmpInputrtmpOutputjob" time="16.047" classname="testCasesSmoke.VersaIpSmokeTest.B4SmokeVrs2dRtmpInputrtmpOutputjob"/>
  <testcase name="smokeVersa6DUdpunicastUdpOut" time="16.175" classname="testCasesSmoke.VersaIpSmokeTest.D4SmokeVersa6DUdpunicastUdpOut"/>
  <testcase name="smokeVersa7AUdpMulticastMp4out" time="15.524" classname="testCasesSmoke.VersaIpSmokeTest.E1SmokeVersa7AUdpMulticastMp4out"/>
  <testcase name="smokeVersa7BMp4OutMp4Input" time="17.034" classname="testCasesSmoke.VersaIpSmokeTest.E2SmokeVersa7BMp4OutMp4Input"/>
  <testcase name="smkVrs52UDPInSrtServer" time="17.758" classname="testCasesSmoke.VersaIpSmokeTest.SmkVrs52UDPInSrtServer"/>
  <testcase name="smkVrs53SrtclientUDpout" time="15.14" classname="testCasesSmoke.VersaIpSmokeTest.SmkVrs53SrtclientUDpout"/>
  <testcase name="smkVrs54srtClientRTmpout" time="14.608" classname="testCasesSmoke.VersaIpSmokeTest.SmkVrs54srtClientRTmpout"/>
  <testcase name="smkvrs55UdpInNDIout" time="16.373" classname="testCasesSmoke.VersaIpSmokeTest.Smkvrs55UdpInNDIout"/>
  <testcase name="smkvrs56NDIinUDpout" time="10.965" classname="testCasesSmoke.VersaIpSmokeTest.Smkvrs56NDIinUDpout">
    <failure type="org.openqa.selenium.NoSuchElementException" message="Cannot locate element with text: sne1
For documentation on this error, please visit: http://seleniumhq.org/exceptions/no_such_element.html
Build info: version: &amp;apos;3.14.0&amp;apos;, revision: &amp;apos;aacccce0&amp;apos;, time: &amp;apos;2018-08-02T20:19:58.91Z&amp;apos;
System info: host: &amp;apos;SR39-PC&amp;apos;, ip: &amp;apos;10.0.0.39&amp;apos;, os.name: &amp;apos;Windows 7&amp;apos;, os.arch: &amp;apos;amd64&amp;apos;, os.version: &amp;apos;6.1&amp;apos;, java.version: &amp;apos;1.8.0_92&amp;apos;
Driver info: driver.version: unknown">
      <![CDATA[org.openqa.selenium.NoSuchElementException: Cannot locate element with text: sne1
For documentation on this error, please visit: http://seleniumhq.org/exceptions/no_such_element.html
Build info: version: '3.14.0', revision: 'aacccce0', time: '2018-08-02T20:19:58.91Z'
System info: host: 'SR39-PC', ip: '10.0.0.39', os.name: 'Windows 7', os.arch: 'amd64', os.version: '6.1', java.version: '1.8.0_92'
Driver info: driver.version: unknown
	at org.openqa.selenium.support.ui.Select.selectByVisibleText(Select.java:151)
	at pagesSmoke.InputVersa.ndiInput(InputVersa.java:313)
	at testCasesSmoke.VersaIpSmokeTest.Smkvrs56NDIinUDpout.smkvrs56NDIinUDpout(Smkvrs56NDIinUDpout.java:23)
... Removed 24 stack frames]]>
    </failure>
  </testcase> <!-- smkvrs56NDIinUDpout -->
  <testcase name="smkVrs58QualityOpt" time="17.965" classname="testCasesSmoke.VersaIpSmokeTest.SmkVrs58QualityOpt"/>
  <testcase name="smkVrs59QualityOptMultipro" time="20.539" classname="testCasesSmoke.VersaIpSmokeTest.SmkVrs59QualityOptMultipro"/>
  <testcase name="smkVrs64UdpInPtsbasedPcr" time="16.341" classname="testCasesSmoke.VersaIpSmokeTest.SmkVrs64UdpInPtsbasedPcr"/>
  <testcase name="smokeVersa10MulticastRTPmultiOut" time="26.18" classname="testCasesSmoke.VersaIpSmokeTest.SmokeVersa10MulticastRTPmultiOut"/>
  <testcase name="smokeVersa11UdpMulProfStreamerHLs" time="23.853" classname="testCasesSmoke.VersaIpSmokeTest.SmokeVersa11UdpMulProfStreamerHLs"/>
  <testcase name="smokeVersa12FileInWowzaRTmp" time="20.817" classname="testCasesSmoke.VersaIpSmokeTest.SmokeVersa12FileInWowzaRTmp"/>
  <testcase name="smokeVersa13TestInUdpOut" time="15.352" classname="testCasesSmoke.VersaIpSmokeTest.SmokeVersa13TestInUdpOut"/>
  <testcase name="smokeVersa18Mp4InputFileOutput" time="30.693" classname="testCasesSmoke.VersaIpSmokeTest.SmokeVersa18Mp4InputFileOutput"/>
  <testcase name="smokeVersa19TsInputMultiFileOut" time="29.872" classname="testCasesSmoke.VersaIpSmokeTest.SmokeVersa19TsInputMultiFileOut"/>
  <testcase name="smokeVersa3bRtmpInRtmpOut" time="16.406" classname="testCasesSmoke.VersaIpSmokeTest.SmokeVersa3bRtmpInRtmpOut"/>
  <testcase name="smokeVersa9ImageInUdpOut" time="15.604" classname="testCasesSmoke.VersaIpSmokeTest.SmokeVersa9ImageInUdpOut"/>
  <testcase name="udp_all_flex" time="0.004" classname="testCasesSmoke.VersaIpSmokeTest.TestCase">
    <skipped/>
  </testcase> <!-- udp_all_flex -->
  <testcase name="versaSmoke28Switcherjob" time="23.166" classname="testCasesSmoke.VersaIpSmokeTest.VersaSmoke28Switcherjob"/>
</testsuite> <!-- Test -->
