<?xml version="1.0" encoding="UTF-8"?>
<!-- Generated by org.testng.reporters.JUnitXMLReporter -->
<testsuite hostname="sr39-PC" name="Test" tests="36" failures="1" timestamp="7 Mar 2019 08:19:15 GMT" time="1939.239" errors="0">
  <testcase name="smokevrs2aUdpMulticastRtmpoutjob" time="23.203" classname="testCasesSmoke.VersaIpSmokeTest.B1Smokevrs2aUdpMulticastRtmpoutjob"/>
  <testcase name="smokevrs2bRTMPInUdpUbnicastjob" time="22.062" classname="testCasesSmoke.VersaIpSmokeTest.B2Smokevrs2bRTMPInUdpUbnicastjob"/>
  <testcase name="smokevrs2cUdpunicastRTMPjob" time="20.599" classname="testCasesSmoke.VersaIpSmokeTest.B3Smokevrs2cUdpunicastRTMPjob"/>
  <testcase name="smokeVrs2dRtmpInputrtmpOutputjob" time="21.77" classname="testCasesSmoke.VersaIpSmokeTest.B4SmokeVrs2dRtmpInputrtmpOutputjob"/>
  <testcase name="smokeVersa3aUdpMulticastRtpUnicastjob" time="26.017" classname="testCasesSmoke.VersaIpSmokeTest.C1SmokeVersa3aUdpMulticastRtpUnicastjob"/>
  <testcase name="smokeVersa3bRtpUnicastRtmpOut" time="24.117" classname="testCasesSmoke.VersaIpSmokeTest.C2SmokeVersa3bRtpUnicastRtmpOut"/>
  <testcase name="smokeVersa3CRtmpInRtpUnicast" time="20.863" classname="testCasesSmoke.VersaIpSmokeTest.C3SmokeVersa3CRtmpInRtpUnicast"/>
  <testcase name="smokeVersa3dRtpunicastMp4out" time="19.754" classname="testCasesSmoke.VersaIpSmokeTest.C4SmokeVersa3dRtpunicastMp4out"/>
  <testcase name="smokeVersa6AMulticastUdpMp4out" time="21.604" classname="testCasesSmoke.VersaIpSmokeTest.D1SmokeVersa6AMulticastUdpMp4out"/>
  <testcase name="smokeVersa6BMp4FileUdpUnicast" time="20.221" classname="testCasesSmoke.VersaIpSmokeTest.D2SmokeVersa6BMp4FileUdpUnicast"/>
  <testcase name="smokeVersa6CUdpPassthroughUdpunicast" time="17.635" classname="testCasesSmoke.VersaIpSmokeTest.D3SmokeVersa6CUdpPassthroughUdpunicast"/>
  <testcase name="smokeVersa6DUdpunicastUdpOut" time="21.736" classname="testCasesSmoke.VersaIpSmokeTest.D4SmokeVersa6DUdpunicastUdpOut"/>
  <testcase name="smokeVersa7AUdpMulticastMp4out" time="24.927" classname="testCasesSmoke.VersaIpSmokeTest.E1SmokeVersa7AUdpMulticastMp4out"/>
  <testcase name="smokeVersa7BMp4OutMp4Input" time="23.672" classname="testCasesSmoke.VersaIpSmokeTest.E2SmokeVersa7BMp4OutMp4Input"/>
  <testcase name="smkVrs52UDPInSrtServer" time="33.645" classname="testCasesSmoke.VersaIpSmokeTest.SmkVrs52UDPInSrtServer"/>
  <testcase name="smkVrs53SrtclientUDpout" time="29.218" classname="testCasesSmoke.VersaIpSmokeTest.SmkVrs53SrtclientUDpout"/>
  <testcase name="smkVrs54srtClientRTmpout" time="29.124" classname="testCasesSmoke.VersaIpSmokeTest.SmkVrs54srtClientRTmpout"/>
  <testcase name="smkvrs55UdpInNDIout" time="34.135" classname="testCasesSmoke.VersaIpSmokeTest.Smkvrs55UdpInNDIout"/>
  <testcase name="smkvrs56NDIinUDpout" time="23.933" classname="testCasesSmoke.VersaIpSmokeTest.Smkvrs56NDIinUDpout">
    <failure type="org.openqa.selenium.NoSuchElementException" message="Cannot locate element with text: sne1
For documentation on this error, please visit: http://seleniumhq.org/exceptions/no_such_element.html
Build info: version: &amp;apos;3.14.0&amp;apos;, revision: &amp;apos;aacccce0&amp;apos;, time: &amp;apos;2018-08-02T20:19:58.91Z&amp;apos;
System info: host: &amp;apos;SR39-PC&amp;apos;, ip: &amp;apos;10.0.0.39&amp;apos;, os.name: &amp;apos;Windows 7&amp;apos;, os.arch: &amp;apos;amd64&amp;apos;, os.version: &amp;apos;6.1&amp;apos;, java.version: &amp;apos;1.8.0_92&amp;apos;
Driver info: driver.version: unknown">
      <![CDATA[org.openqa.selenium.NoSuchElementException: Cannot locate element with text: sne1
For documentation on this error, please visit: http://seleniumhq.org/exceptions/no_such_element.html
Build info: version: '3.14.0', revision: 'aacccce0', time: '2018-08-02T20:19:58.91Z'
System info: host: 'SR39-PC', ip: '10.0.0.39', os.name: 'Windows 7', os.arch: 'amd64', os.version: '6.1', java.version: '1.8.0_92'
Driver info: driver.version: unknown
	at org.openqa.selenium.support.ui.Select.selectByVisibleText(Select.java:151)
	at pagesSmoke.InputVersa.ndiInput(InputVersa.java:326)
	at testCasesSmoke.VersaIpSmokeTest.Smkvrs56NDIinUDpout.smkvrs56NDIinUDpout(Smkvrs56NDIinUDpout.java:23)
	at java.util.concurrent.FutureTask.run(Unknown Source)
	at java.util.concurrent.ThreadPoolExecutor.runWorker(Unknown Source)
	at java.util.concurrent.ThreadPoolExecutor$Worker.run(Unknown Source)
	at java.lang.Thread.run(Unknown Source)
... Removed 16 stack frames]]>
    </failure>
  </testcase> <!-- smkvrs56NDIinUDpout -->
  <testcase name="smkVrs58QualityOpt" time="41.481" classname="testCasesSmoke.VersaIpSmokeTest.SmkVrs58QualityOpt"/>
  <testcase name="smkVrs59QualityOptMultipro" time="94.713" classname="testCasesSmoke.VersaIpSmokeTest.SmkVrs59QualityOptMultipro"/>
  <testcase name="smkVrs64UdpInPtsbasedPcr" time="129.448" classname="testCasesSmoke.VersaIpSmokeTest.SmkVrs64UdpInPtsbasedPcr"/>
  <testcase name="smokeVersa10MulticastRTPmultiOut" time="100.9" classname="testCasesSmoke.VersaIpSmokeTest.SmokeVersa10MulticastRTPmultiOut"/>
  <testcase name="smokeVersa11UdpMulProfStreamerHLs" time="37.804" classname="testCasesSmoke.VersaIpSmokeTest.SmokeVersa11UdpMulProfStreamerHLs"/>
  <testcase name="smokeVersa12FileInWowzaRTmp" time="57.646" classname="testCasesSmoke.VersaIpSmokeTest.SmokeVersa12FileInWowzaRTmp"/>
  <testcase name="smokeVersa13TestInUdpOut" time="46.612" classname="testCasesSmoke.VersaIpSmokeTest.SmokeVersa13TestInUdpOut"/>
  <testcase name="smokeVersa18Mp4InputFileOutput" time="93.536" classname="testCasesSmoke.VersaIpSmokeTest.SmokeVersa18Mp4InputFileOutput"/>
  <testcase name="smokeVersa19TsInputMultiFileOut" time="36.808" classname="testCasesSmoke.VersaIpSmokeTest.SmokeVersa19TsInputMultiFileOut"/>
  <testcase name="smokeVersa3bRtmpInRtmpOut" time="17.954" classname="testCasesSmoke.VersaIpSmokeTest.SmokeVersa3bRtmpInRtmpOut"/>
  <testcase name="smokeVersa9ImageInUdpOut" time="19.821" classname="testCasesSmoke.VersaIpSmokeTest.SmokeVersa9ImageInUdpOut"/>
  <testcase name="smokevrs1bUdpUnicastRtpUnicastjob" time="16.327" classname="testCasesSmoke.VersaIpSmokeTest.Smokevrs1bUdpUnicastRtpUnicastjob"/>
  <testcase name="udp_all_flex" time="0.022" classname="testCasesSmoke.VersaIpSmokeTest.TestCase">
    <skipped/>
  </testcase> <!-- udp_all_flex -->
  <testcase name="versaSmoke28Switcherjob" time="23.273" classname="testCasesSmoke.VersaIpSmokeTest.VersaSmoke28Switcherjob"/>
  <testcase name="smokeVersa1aUdpMulticastUdpUnicast" time="17.719" classname="testCasesSmoke.VersaIpSmokeTest.SmokeVersa1aUdpMulticastUdpUnicast"/>
  <testcase name="smokevrs1cRtpUnicastUdpunicastjob" time="17.109" classname="testCasesSmoke.VersaIpSmokeTest.Smokevrs1cRtpUnicastUdpunicastjob"/>
  <testcase name="smokevrs1dUdpUincastUdpUnicastjob" time="17.232" classname="testCasesSmoke.VersaIpSmokeTest.Smokevrs1dUdpUincastUdpUnicastjob"/>
</testsuite> <!-- Test -->
