<?xml version="1.0" encoding="UTF-8"?>
<!-- Generated by org.testng.reporters.JUnitXMLReporter -->
<testsuite hostname="sr39-PC" name="Test" tests="7" failures="0" timestamp="5 Mar 2019 13:45:19 GMT" time="53.527" errors="0">
  <testcase name="@BeforeClass start" time="0.0" classname="testCasesSmoke.XportSmokeTest.SmokeXport_QualityOptimized_UDP_UDP">
    <failure type="org.openqa.selenium.SessionNotCreatedException" message="session not created exception
from chrome not reachable
  (Session info: chrome=72.0.3626.119)
  (Driver info: chromedriver=2.41.578737 (49da6702b16031c40d63e5618de03a32ff6c197e),platform=Windows NT 6.1.7600 x86_64) (WARNING: The server did not provide any stacktrace information)
Command duration or timeout: 3.74 seconds
Build info: version: &amp;apos;3.14.0&amp;apos;, revision: &amp;apos;aacccce0&amp;apos;, time: &amp;apos;2018-08-02T20:19:58.91Z&amp;apos;
System info: host: &amp;apos;SR39-PC&amp;apos;, ip: &amp;apos;10.0.0.39&amp;apos;, os.name: &amp;apos;Windows 7&amp;apos;, os.arch: &amp;apos;amd64&amp;apos;, os.version: &amp;apos;6.1&amp;apos;, java.version: &amp;apos;1.8.0_92&amp;apos;
Driver info: driver.version: ChromeDriver">
      <![CDATA[org.openqa.selenium.SessionNotCreatedException: session not created exception
from chrome not reachable
  (Session info: chrome=72.0.3626.119)
  (Driver info: chromedriver=2.41.578737 (49da6702b16031c40d63e5618de03a32ff6c197e),platform=Windows NT 6.1.7600 x86_64) (WARNING: The server did not provide any stacktrace information)
Command duration or timeout: 3.74 seconds
Build info: version: '3.14.0', revision: 'aacccce0', time: '2018-08-02T20:19:58.91Z'
System info: host: 'SR39-PC', ip: '10.0.0.39', os.name: 'Windows 7', os.arch: 'amd64', os.version: '6.1', java.version: '1.8.0_92'
Driver info: driver.version: ChromeDriver
	at org.openqa.selenium.remote.ErrorHandler.createThrowable(ErrorHandler.java:214)
	at org.openqa.selenium.remote.ErrorHandler.throwIfResponseFailed(ErrorHandler.java:166)
	at org.openqa.selenium.remote.JsonWireProtocolResponse.lambda$new$0(JsonWireProtocolResponse.java:53)
	at org.openqa.selenium.remote.JsonWireProtocolResponse.lambda$getResponseFunction$2(JsonWireProtocolResponse.java:91)
	at org.openqa.selenium.remote.ProtocolHandshake.lambda$createSession$0(ProtocolHandshake.java:122)
	at java.util.stream.ReferencePipeline$3$1.accept(Unknown Source)
	at java.util.Spliterators$ArraySpliterator.tryAdvance(Unknown Source)
	at java.util.stream.ReferencePipeline.forEachWithCancel(Unknown Source)
	at java.util.stream.AbstractPipeline.copyIntoWithCancel(Unknown Source)
	at java.util.stream.AbstractPipeline.copyInto(Unknown Source)
	at java.util.stream.AbstractPipeline.wrapAndCopyInto(Unknown Source)
	at java.util.stream.FindOps$FindOp.evaluateSequential(Unknown Source)
	at java.util.stream.AbstractPipeline.evaluate(Unknown Source)
	at java.util.stream.ReferencePipeline.findFirst(Unknown Source)
	at org.openqa.selenium.remote.ProtocolHandshake.createSession(ProtocolHandshake.java:125)
	at org.openqa.selenium.remote.ProtocolHandshake.createSession(ProtocolHandshake.java:73)
	at org.openqa.selenium.remote.HttpCommandExecutor.execute(HttpCommandExecutor.java:136)
	at org.openqa.selenium.remote.service.DriverCommandExecutor.execute(DriverCommandExecutor.java:83)
	at org.openqa.selenium.remote.RemoteWebDriver.execute(RemoteWebDriver.java:548)
	at org.openqa.selenium.remote.RemoteWebDriver.startSession(RemoteWebDriver.java:212)
	at org.openqa.selenium.remote.RemoteWebDriver.<init>(RemoteWebDriver.java:130)
	at org.openqa.selenium.chrome.ChromeDriver.<init>(ChromeDriver.java:181)
	at org.openqa.selenium.chrome.ChromeDriver.<init>(ChromeDriver.java:168)
	at org.openqa.selenium.chrome.ChromeDriver.<init>(ChromeDriver.java:123)
	at utilitySmoke.BrowserSmoke.browser_type(BrowserSmoke.java:14)
	at testCasesSmoke.XportSmokeTest.BaseClassXportSmokeTest.start(BaseClassXportSmokeTest.java:26)
... Removed 28 stack frames]]>
    </failure>
  </testcase> <!-- @BeforeClass start -->
  <testcase name="@AfterClass tearDown" time="0.0" classname="testCasesSmoke.XportSmokeTest.SmokeXport_QualityOptimized_UDP_UDP">
    <skipped/>
  </testcase> <!-- @AfterClass tearDown -->
  <testcase name="@BeforeClass start" time="0.0" classname="testCasesSmoke.XportSmokeTest.SmokeXport_SRTclient_UDP">
    <skipped/>
  </testcase> <!-- @BeforeClass start -->
  <testcase name="@AfterClass tearDown" time="0.0" classname="testCasesSmoke.XportSmokeTest.SmokeXport_SRTclient_UDP">
    <skipped/>
  </testcase> <!-- @AfterClass tearDown -->
  <testcase name="@BeforeClass start" time="0.0" classname="testCasesSmoke.XportSmokeTest.SmokeXport_TestPattern_UDP">
    <skipped/>
  </testcase> <!-- @BeforeClass start -->
  <testcase name="@AfterClass tearDown" time="0.0" classname="testCasesSmoke.XportSmokeTest.SmokeXport_TestPattern_UDP">
    <skipped/>
  </testcase> <!-- @AfterClass tearDown -->
  <testcase name="@BeforeClass start" time="0.0" classname="testCasesSmoke.XportSmokeTest.SmokeXport_UDP_SRTserver">
    <skipped/>
  </testcase> <!-- @BeforeClass start -->
  <testcase name="@AfterClass tearDown" time="0.0" classname="testCasesSmoke.XportSmokeTest.SmokeXport_UDP_SRTserver">
    <skipped/>
  </testcase> <!-- @AfterClass tearDown -->
  <testcase name="@BeforeClass start" time="0.0" classname="testCasesSmoke.XportSmokeTest.SmokeXport_UDPmulticast_RTP">
    <skipped/>
  </testcase> <!-- @BeforeClass start -->
  <testcase name="@AfterClass tearDown" time="0.0" classname="testCasesSmoke.XportSmokeTest.SmokeXport_UDPmulticast_RTP">
    <skipped/>
  </testcase> <!-- @AfterClass tearDown -->
  <testcase name="@BeforeClass start" time="0.0" classname="testCasesSmoke.XportSmokeTest.SmokeXport_UDPmultiCast_UDP">
    <skipped/>
  </testcase> <!-- @BeforeClass start -->
  <testcase name="@AfterClass tearDown" time="0.0" classname="testCasesSmoke.XportSmokeTest.SmokeXport_UDPmultiCast_UDP">
    <skipped/>
  </testcase> <!-- @AfterClass tearDown -->
  <testcase name="mp4_file" time="37.611" classname="testCasesSmoke.TestCasesRunning.FileUpload"/>
  <testcase name="smokeXport_qualityOptimized_UDP_UDP" time="0.003" classname="testCasesSmoke.XportSmokeTest.SmokeXport_QualityOptimized_UDP_UDP">
    <skipped/>
  </testcase> <!-- smokeXport_qualityOptimized_UDP_UDP -->
  <testcase name="smokeXport_SRTclient_UDP" time="0.001" classname="testCasesSmoke.XportSmokeTest.SmokeXport_SRTclient_UDP">
    <skipped/>
  </testcase> <!-- smokeXport_SRTclient_UDP -->
  <testcase name="smokeXport_Testpattern_UDP" time="0.001" classname="testCasesSmoke.XportSmokeTest.SmokeXport_TestPattern_UDP">
    <skipped/>
  </testcase> <!-- smokeXport_Testpattern_UDP -->
  <testcase name="smokeXport_UDP_SRTserver" time="0.001" classname="testCasesSmoke.XportSmokeTest.SmokeXport_UDP_SRTserver">
    <skipped/>
  </testcase> <!-- smokeXport_UDP_SRTserver -->
  <testcase name="smokeXport_UDPmulticast_RTP" time="0.0" classname="testCasesSmoke.XportSmokeTest.SmokeXport_UDPmulticast_RTP">
    <skipped/>
  </testcase> <!-- smokeXport_UDPmulticast_RTP -->
  <testcase name="smokeXport_UDPmulticast_UDP" time="0.001" classname="testCasesSmoke.XportSmokeTest.SmokeXport_UDPmultiCast_UDP">
    <skipped/>
  </testcase> <!-- smokeXport_UDPmulticast_UDP -->
</testsuite> <!-- Test -->
