<?xml version="1.0" encoding="UTF-8"?>
<testng-results skipped="0" failed="0" total="1" passed="1">
  <reporter-output>
  </reporter-output>
  <suite name="Default suite" duration-ms="25811" started-at="2019-02-21T04:58:03Z" finished-at="2019-02-21T04:58:29Z">
    <groups>
    </groups>
    <test name="Default test" duration-ms="25811" started-at="2019-02-21T04:58:03Z" finished-at="2019-02-21T04:58:29Z">
      <class name="testCasesSmoke.SmokeUdpunicastRTMPjob">
        <test-method status="PASS" signature="start()[pri:0, instance:testCasesSmoke.SmokeUdpunicastRTMPjob@6325a3ee]" name="start" is-config="true" duration-ms="9982" started-at="2019-02-21T10:28:03Z" finished-at="2019-02-21T10:28:13Z">
          <reporter-output>
          </reporter-output>
        </test-method> <!-- start -->
        <test-method status="PASS" signature="smokeUdpunicastRTMPjob()[pri:0, instance:testCasesSmoke.SmokeUdpunicastRTMPjob@6325a3ee]" name="smokeUdpunicastRTMPjob" duration-ms="15793" started-at="2019-02-21T10:28:13Z" finished-at="2019-02-21T10:28:29Z">
          <reporter-output>
          </reporter-output>
        </test-method> <!-- smokeUdpunicastRTMPjob -->
        <test-method status="PASS" signature="screen(org.testng.ITestResult)[pri:0, instance:testCasesSmoke.SmokeUdpunicastRTMPjob@6325a3ee]" name="screen" is-config="true" duration-ms="2" started-at="2019-02-21T10:28:29Z" finished-at="2019-02-21T10:28:29Z">
          <params>
            <param index="0">
              <value>
                <![CDATA[[TestResult name=smokeUdpunicastRTMPjob status=SUCCESS method=SmokeUdpunicastRTMPjob.smokeUdpunicastRTMPjob()[pri:0, instance:testCasesSmoke.SmokeUdpunicastRTMPjob@6325a3ee] output={null}]]]>
              </value>
            </param>
          </params>
          <reporter-output>
          </reporter-output>
        </test-method> <!-- screen -->
        <test-method status="PASS" signature="teardown()[pri:0, instance:testCasesSmoke.SmokeUdpunicastRTMPjob@6325a3ee]" name="teardown" is-config="true" duration-ms="1" started-at="2019-02-21T10:28:29Z" finished-at="2019-02-21T10:28:29Z">
          <reporter-output>
          </reporter-output>
        </test-method> <!-- teardown -->
      </class> <!-- testCasesSmoke.SmokeUdpunicastRTMPjob -->
    </test> <!-- Default test -->
  </suite> <!-- Default suite -->
</testng-results>
