<?xml version="1.0" encoding="UTF-8"?>
<testng-results skipped="0" failed="0" total="1" passed="1">
  <reporter-output>
  </reporter-output>
  <suite name="Default suite" duration-ms="24320" started-at="2019-03-06T09:16:46Z" finished-at="2019-03-06T09:17:11Z">
    <groups>
      <group name="1">
        <method signature="SmokeVersa1aUdpMulticastUdpUnicast.smokeVersa1aUdpMulticastUdpUnicast()[pri:0, instance:testCasesSmoke.VersaIpSmokeTest.SmokeVersa1aUdpMulticastUdpUnicast@1d16f93d]" name="smokeVersa1aUdpMulticastUdpUnicast" class="testCasesSmoke.VersaIpSmokeTest.SmokeVersa1aUdpMulticastUdpUnicast"/>
      </group> <!-- 1 -->
    </groups>
    <test name="Default test" duration-ms="24320" started-at="2019-03-06T09:16:46Z" finished-at="2019-03-06T09:17:11Z">
      <class name="testCasesSmoke.VersaIpSmokeTest.SmokeVersa1aUdpMulticastUdpUnicast">
        <test-method status="PASS" signature="start()[pri:0, instance:testCasesSmoke.VersaIpSmokeTest.SmokeVersa1aUdpMulticastUdpUnicast@1d16f93d]" name="start" is-config="true" duration-ms="8790" started-at="2019-03-06T14:46:46Z" finished-at="2019-03-06T14:46:55Z">
          <reporter-output>
          </reporter-output>
        </test-method> <!-- start -->
        <test-method status="PASS" signature="smokeVersa1aUdpMulticastUdpUnicast()[pri:0, instance:testCasesSmoke.VersaIpSmokeTest.SmokeVersa1aUdpMulticastUdpUnicast@1d16f93d]" name="smokeVersa1aUdpMulticastUdpUnicast" duration-ms="15511" started-at="2019-03-06T14:46:55Z" finished-at="2019-03-06T14:47:11Z">
          <reporter-output>
          </reporter-output>
        </test-method> <!-- smokeVersa1aUdpMulticastUdpUnicast -->
        <test-method status="PASS" signature="teardown()[pri:0, instance:testCasesSmoke.VersaIpSmokeTest.SmokeVersa1aUdpMulticastUdpUnicast@1d16f93d]" name="teardown" is-config="true" duration-ms="1" started-at="2019-03-06T14:47:11Z" finished-at="2019-03-06T14:47:11Z">
          <reporter-output>
          </reporter-output>
        </test-method> <!-- teardown -->
      </class> <!-- testCasesSmoke.VersaIpSmokeTest.SmokeVersa1aUdpMulticastUdpUnicast -->
    </test> <!-- Default test -->
  </suite> <!-- Default suite -->
</testng-results>
